c:\users\andrea\desktop\gameboyemu\debug\vc142.pdb
c:\users\andrea\desktop\gameboyemu\debug\vc142.idb
c:\users\andrea\desktop\gameboyemu\debug\cpu.obj
c:\users\andrea\desktop\gameboyemu\debug\bus.obj
c:\users\andrea\desktop\gameboyemu\debug\main.obj
c:\users\andrea\desktop\gameboyemu\debug\ppu.obj
c:\users\andrea\desktop\gameboyemu\debug\gameboyemu.pdb
c:\users\andrea\desktop\gameboyemu\debug\gameboyemu.tlog\cl.command.1.tlog
c:\users\andrea\desktop\gameboyemu\debug\gameboyemu.tlog\cl.read.1.tlog
c:\users\andrea\desktop\gameboyemu\debug\gameboyemu.tlog\cl.write.1.tlog
c:\users\andrea\desktop\gameboyemu\debug\gameboyemu.tlog\link-cvtres.read.1.tlog
c:\users\andrea\desktop\gameboyemu\debug\gameboyemu.tlog\link-cvtres.write.1.tlog
c:\users\andrea\desktop\gameboyemu\debug\gameboyemu.tlog\link-rc.read.1.tlog
c:\users\andrea\desktop\gameboyemu\debug\gameboyemu.tlog\link-rc.write.1.tlog
c:\users\andrea\desktop\gameboyemu\debug\gameboyemu.tlog\link.21388-cvtres.read.1.tlog
c:\users\andrea\desktop\gameboyemu\debug\gameboyemu.tlog\link.21388-cvtres.write.1.tlog
c:\users\andrea\desktop\gameboyemu\debug\gameboyemu.tlog\link.21388-rc.read.1.tlog
c:\users\andrea\desktop\gameboyemu\debug\gameboyemu.tlog\link.21388-rc.write.1.tlog
c:\users\andrea\desktop\gameboyemu\debug\gameboyemu.tlog\link.21388.read.1.tlog
c:\users\andrea\desktop\gameboyemu\debug\gameboyemu.tlog\link.21388.write.1.tlog
c:\users\andrea\desktop\gameboyemu\debug\gameboyemu.tlog\link.command.1.tlog
c:\users\andrea\desktop\gameboyemu\debug\gameboyemu.tlog\link.read.1.tlog
c:\users\andrea\desktop\gameboyemu\debug\gameboyemu.tlog\link.write.1.tlog
